Terminals unused in grammar

   RULE_REF
   OP_OR_RULE
   OP_AND_RULE
   MODE_AND_RULE
   MODE_OR_RULE


Grammar

    0 $accept: nml_description $end

    1 nml_description: declaration_list rule_list

    2 rule_list: rule
    3          | rule_list rule

    4 rule: op_rule
    5     | mode_rule

    6 mode_rule: or_mode_rule
    7          | and_mode_rule

    8 and_mode_rule: MODE IDENTIFIER LPAREN parameter_declaration_list RPAREN LBRACE syntax_attribute_list and_image_attribute_list RBRACE

    9 or_mode_rule: MODE IDENTIFIER LPAREN mode_rule_name_list RPAREN LBRACE or_image_attribute_list RBRACE

   10 mode_rule_name_list: mode_rule_name
   11                    | mode_rule_name_list mode_rule_name

   12 mode_rule_name: IDENTIFIER

   13 op_rule: and_op_rule
   14        | or_op_rule

   15 and_op_rule: OP IDENTIFIER LPAREN parameter_declaration_list RPAREN LBRACE syntax_attribute_list and_image_attribute_list RBRACE

   16 and_image_attribute_list: /* empty */
   17                         | and_image_attribute_list and_image_attribute

   18 and_image_attribute: IMAGE COLON and_field_encoding_list instr_properties_opt SEMI

   19 instr_properties_opt: /* empty */
   20                     | COMMA instr_properties

   21 instr_properties: instr_property
   22                 | instr_properties COMMA instr_property

   23 instr_property: /* empty */
   24               | CYCLES LPAREN integer_expression RPAREN
   25               | CYCLES LPAREN integer_expression BITOR integer_expression RPAREN
   26               | DELAY_SLOTS LPAREN integer_expression RPAREN
   27               | CHESS_PC_OFFSET LPAREN integer_expression RPAREN
   28               | CLASS LPAREN IDENTIFIER RPAREN

   29 and_field_encoding_list: and_field_encoding enc_alias_opt
   30                        | and_field_encoding_list DCOLON and_field_encoding enc_alias_opt

   31 enc_alias_opt: /* empty */
   32              | enc_alias

   33 enc_alias: LESS ALIAS GRT

   34 and_field_encoding: STRING_CONST
   35                   | ENUM_NAME POINT enum_element_name
   36                   | rule_instant_name image_nr_opt

   37 rule_instant_name: IDENTIFIER

   38 syntax_attribute_list: /* empty */
   39                      | syntax_attribute_list syntax_attribute

   40 syntax_attribute: SYNTAX COLON syntax_encoding_list SEMI

   41 syntax_encoding_list: syntax_encoding

   42 syntax_encoding: syntax_encoding_element
   43                | syntax_encoding syntax_encoding_element

   44 syntax_encoding_element: STRING_CONST
   45                        | rule_instant_name syntax_nr_opt

   46 syntax_nr_opt: /* empty */
   47              | syntax_nr

   48 syntax_nr: POINT integer

   49 parameter_declaration_list: /* empty */
   50                           | parameter_declaration
   51                           | parameter_declaration_list COMMA parameter_declaration

   52 parameter_declaration: IDENTIFIER COLON r_name

   53 r_name: IDENTIFIER
   54       | ENUM_NAME

   55 or_op_rule: OP IDENTIFIER LPAREN op_rule_name_list RPAREN LBRACE or_image_attribute_list RBRACE

   56 or_image_attribute_list: or_image_attribute

   57 or_image_attribute: IMAGE COLON or_encoding_list SEMI

   58 or_encoding_list: or_field_encoding_list
   59                 | or_encoding_list BITOR or_field_encoding_list

   60 or_field_encoding_list: or_field_encoding
   61                       | or_field_encoding_list DCOLON or_field_encoding

   62 enum_element_name: IDENTIFIER

   63 or_field_encoding: bit_string_literal
   64                  | ENUM_NAME POINT enum_element_name
   65                  | rule_instant_name image_nr_opt

   66 image_nr_opt: /* empty */
   67             | image_nr

   68 image_nr: POINT integer

   69 bit_string_literal: STRING_CONST

   70 op_rule_name: IDENTIFIER

   71 op_rule_name_list: op_rule_name
   72                  | op_rule_name_list BITOR op_rule_name

   73 declaration_list: declaration
   74                 | declaration_list declaration

   75 declaration: number_declaration
   76            | enum_declaration
   77            | cst_declaration
   78            | type_declaration
   79            | storage_declaration
   80            | start_declaration

   81 start_declaration: START IDENTIFIER SEMI

   82 storage_declaration: memory_declaration
   83                    | register_declaration

   84 register_declaration: REG IDENTIFIER valid_address_declaration LESS type_id COMMA address_type GRT SEMI

   85 memory_declaration: MEM IDENTIFIER valid_address_declaration LESS type_id COMMA address_type GRT SEMI

   86 address_type: type_id

   87 valid_address_declaration: /* empty */
   88                          | LBRACK address_range address_step_opt RBRACK

   89 address_step_opt: /* empty */
   90                 | COMMA integer_expression

   91 type_declaration: TYPE IDENTIFIER LESS integer COMMA val_type GRT SEMI

   92 address_range: integer_expression
   93              | integer_expression DOUBLEDOT integer_expression

   94 val_type: VAL_TYPE

   95 cst_declaration: CST IDENTIFIER LESS type_id GRT cst_value_opt SEMI

   96 cst_value_opt: /* empty */
   97              | ASSIGN INT_CONST
   98              | ASSIGN BIN_CONST
   99              | ASSIGN HEX_CONST

  100 type_id: IDENTIFIER

  101 enum_declaration: ENUM IDENTIFIER LBRACE enum_list RBRACE SEMI

  102 enum_list: enum_element
  103          | enum_list COMMA enum_element

  104 enum_element: IDENTIFIER mnemonic_opt init_opt

  105 mnemonic_opt: /* empty */
  106             | STRING_CONST

  107 init_opt: /* empty */
  108         | ASSIGN integer_expression

  109 number_declaration: DEF IDENTIFIER ASSIGN integer_expression SEMI

  110 integer_expression: integer_expression PLUS integer_expression
  111                   | integer_expression MINUS integer_expression
  112                   | integer_expression MUL integer_expression
  113                   | integer_expression DIV integer_expression
  114                   | MINUS integer_expression
  115                   | integer_expression POW integer_expression
  116                   | LPAREN integer_expression RPAREN
  117                   | integer
  118                   | number_name

  119 number_name: IDENTIFIER

  120 integer: INT_CONST


Terminals, with rules where they appear

$end (0) 0
error (256)
ASSIGN (258) 97 98 99 108 109
DEF (259) 109
SEMI (260) 18 40 57 81 84 85 91 95 101 109
IDENTIFIER (261) 8 9 12 15 28 37 52 53 55 62 70 81 84 85 91 95 100
    101 104 109 119
PLUS (262) 110
MINUS (263) 111 114
DIV (264) 113
POW (265) 115
LPAREN (266) 8 9 15 24 25 26 27 28 55 116
RPAREN (267) 8 9 15 24 25 26 27 28 55 116
LBRACE (268) 8 9 15 55 101
RBRACE (269) 8 9 15 55 101
ENUM (270) 101
STRING_CONST (271) 34 44 69 106
COMMA (272) 20 22 51 84 85 90 91 103
CST (273) 95
LESS (274) 33 84 85 91 95
GRT (275) 33 84 85 91 95
TYPE (276) 91
INT_CONST (277) 97 120
BIN_CONST (278) 98
HEX_CONST (279) 99
VAL_TYPE (280) 94
SYNTAX (281) 40
MEM (282) 85
LBRACK (283) 88
RBRACK (284) 88
DOUBLEDOT (285) 93
REG (286) 84
START (287) 81
OP (288) 15 55
RULE_REF (289)
DCOLON (290) 30 61
IMAGE (291) 18 57
POINT (292) 35 48 64 68
COLON (293) 18 40 52 57
BITOR (294) 25 59 72
OP_OR_RULE (295)
OP_AND_RULE (296)
MODE_AND_RULE (297)
MODE_OR_RULE (298)
CYCLES (299) 24 25
ALIAS (300) 33
CHESS_PC_OFFSET (301) 27
CLASS (302) 28
DELAY_SLOTS (303) 26
MODE (304) 8 9
ENUM_NAME (305) 35 54 64
MUL (306) 112
NEG (307)


Nonterminals, with rules where they appear

$accept (53)
    on left: 0
nml_description (54)
    on left: 1, on right: 0
rule_list (55)
    on left: 2 3, on right: 1 3
rule (56)
    on left: 4 5, on right: 2 3
mode_rule (57)
    on left: 6 7, on right: 5
and_mode_rule (58)
    on left: 8, on right: 7
or_mode_rule (59)
    on left: 9, on right: 6
mode_rule_name_list (60)
    on left: 10 11, on right: 9 11
mode_rule_name (61)
    on left: 12, on right: 10 11
op_rule (62)
    on left: 13 14, on right: 4
and_op_rule (63)
    on left: 15, on right: 13
and_image_attribute_list (64)
    on left: 16 17, on right: 8 15 17
and_image_attribute (65)
    on left: 18, on right: 17
instr_properties_opt (66)
    on left: 19 20, on right: 18
instr_properties (67)
    on left: 21 22, on right: 20 22
instr_property (68)
    on left: 23 24 25 26 27 28, on right: 21 22
and_field_encoding_list (69)
    on left: 29 30, on right: 18 30
enc_alias_opt (70)
    on left: 31 32, on right: 29 30
enc_alias (71)
    on left: 33, on right: 32
and_field_encoding (72)
    on left: 34 35 36, on right: 29 30
rule_instant_name (73)
    on left: 37, on right: 36 45 65
syntax_attribute_list (74)
    on left: 38 39, on right: 8 15 39
syntax_attribute (75)
    on left: 40, on right: 39
syntax_encoding_list (76)
    on left: 41, on right: 40
syntax_encoding (77)
    on left: 42 43, on right: 41 43
syntax_encoding_element (78)
    on left: 44 45, on right: 42 43
syntax_nr_opt (79)
    on left: 46 47, on right: 45
syntax_nr (80)
    on left: 48, on right: 47
parameter_declaration_list (81)
    on left: 49 50 51, on right: 8 15 51
parameter_declaration (82)
    on left: 52, on right: 50 51
r_name (83)
    on left: 53 54, on right: 52
or_op_rule (84)
    on left: 55, on right: 14
or_image_attribute_list (85)
    on left: 56, on right: 9 55
or_image_attribute (86)
    on left: 57, on right: 56
or_encoding_list (87)
    on left: 58 59, on right: 57 59
or_field_encoding_list (88)
    on left: 60 61, on right: 58 59 61
enum_element_name (89)
    on left: 62, on right: 35 64
or_field_encoding (90)
    on left: 63 64 65, on right: 60 61
image_nr_opt (91)
    on left: 66 67, on right: 36 65
image_nr (92)
    on left: 68, on right: 67
bit_string_literal (93)
    on left: 69, on right: 63
op_rule_name (94)
    on left: 70, on right: 71 72
op_rule_name_list (95)
    on left: 71 72, on right: 55 72
declaration_list (96)
    on left: 73 74, on right: 1 74
declaration (97)
    on left: 75 76 77 78 79 80, on right: 73 74
start_declaration (98)
    on left: 81, on right: 80
storage_declaration (99)
    on left: 82 83, on right: 79
register_declaration (100)
    on left: 84, on right: 83
memory_declaration (101)
    on left: 85, on right: 82
address_type (102)
    on left: 86, on right: 84 85
valid_address_declaration (103)
    on left: 87 88, on right: 84 85
address_step_opt (104)
    on left: 89 90, on right: 88
type_declaration (105)
    on left: 91, on right: 78
address_range (106)
    on left: 92 93, on right: 88
val_type (107)
    on left: 94, on right: 91
cst_declaration (108)
    on left: 95, on right: 77
cst_value_opt (109)
    on left: 96 97 98 99, on right: 95
type_id (110)
    on left: 100, on right: 84 85 86 95
enum_declaration (111)
    on left: 101, on right: 76
enum_list (112)
    on left: 102 103, on right: 101 103
enum_element (113)
    on left: 104, on right: 102 103
mnemonic_opt (114)
    on left: 105 106, on right: 104
init_opt (115)
    on left: 107 108, on right: 104
number_declaration (116)
    on left: 109, on right: 75
integer_expression (117)
    on left: 110 111 112 113 114 115 116 117 118, on right: 24 25 26
    27 90 92 93 108 109 110 111 112 113 114 115 116
number_name (118)
    on left: 119, on right: 118
integer (119)
    on left: 120, on right: 48 68 91 117


state 0

    0 $accept: . nml_description $end

    DEF    shift, and go to state 1
    ENUM   shift, and go to state 2
    CST    shift, and go to state 3
    TYPE   shift, and go to state 4
    MEM    shift, and go to state 5
    REG    shift, and go to state 6
    START  shift, and go to state 7

    nml_description       go to state 8
    declaration_list      go to state 9
    declaration           go to state 10
    start_declaration     go to state 11
    storage_declaration   go to state 12
    register_declaration  go to state 13
    memory_declaration    go to state 14
    type_declaration      go to state 15
    cst_declaration       go to state 16
    enum_declaration      go to state 17
    number_declaration    go to state 18


state 1

  109 number_declaration: DEF . IDENTIFIER ASSIGN integer_expression SEMI

    IDENTIFIER  shift, and go to state 19


state 2

  101 enum_declaration: ENUM . IDENTIFIER LBRACE enum_list RBRACE SEMI

    IDENTIFIER  shift, and go to state 20


state 3

   95 cst_declaration: CST . IDENTIFIER LESS type_id GRT cst_value_opt SEMI

    IDENTIFIER  shift, and go to state 21


state 4

   91 type_declaration: TYPE . IDENTIFIER LESS integer COMMA val_type GRT SEMI

    IDENTIFIER  shift, and go to state 22


state 5

   85 memory_declaration: MEM . IDENTIFIER valid_address_declaration LESS type_id COMMA address_type GRT SEMI

    IDENTIFIER  shift, and go to state 23


state 6

   84 register_declaration: REG . IDENTIFIER valid_address_declaration LESS type_id COMMA address_type GRT SEMI

    IDENTIFIER  shift, and go to state 24


state 7

   81 start_declaration: START . IDENTIFIER SEMI

    IDENTIFIER  shift, and go to state 25


state 8

    0 $accept: nml_description . $end

    $end  shift, and go to state 26


state 9

    1 nml_description: declaration_list . rule_list
   74 declaration_list: declaration_list . declaration

    DEF    shift, and go to state 1
    ENUM   shift, and go to state 2
    CST    shift, and go to state 3
    TYPE   shift, and go to state 4
    MEM    shift, and go to state 5
    REG    shift, and go to state 6
    START  shift, and go to state 7
    OP     shift, and go to state 27
    MODE   shift, and go to state 28

    rule_list             go to state 29
    rule                  go to state 30
    mode_rule             go to state 31
    and_mode_rule         go to state 32
    or_mode_rule          go to state 33
    op_rule               go to state 34
    and_op_rule           go to state 35
    or_op_rule            go to state 36
    declaration           go to state 37
    start_declaration     go to state 11
    storage_declaration   go to state 12
    register_declaration  go to state 13
    memory_declaration    go to state 14
    type_declaration      go to state 15
    cst_declaration       go to state 16
    enum_declaration      go to state 17
    number_declaration    go to state 18


state 10

   73 declaration_list: declaration .

    $default  reduce using rule 73 (declaration_list)


state 11

   80 declaration: start_declaration .

    $default  reduce using rule 80 (declaration)


state 12

   79 declaration: storage_declaration .

    $default  reduce using rule 79 (declaration)


state 13

   83 storage_declaration: register_declaration .

    $default  reduce using rule 83 (storage_declaration)


state 14

   82 storage_declaration: memory_declaration .

    $default  reduce using rule 82 (storage_declaration)


state 15

   78 declaration: type_declaration .

    $default  reduce using rule 78 (declaration)


state 16

   77 declaration: cst_declaration .

    $default  reduce using rule 77 (declaration)


state 17

   76 declaration: enum_declaration .

    $default  reduce using rule 76 (declaration)


state 18

   75 declaration: number_declaration .

    $default  reduce using rule 75 (declaration)


state 19

  109 number_declaration: DEF IDENTIFIER . ASSIGN integer_expression SEMI

    ASSIGN  shift, and go to state 38


state 20

  101 enum_declaration: ENUM IDENTIFIER . LBRACE enum_list RBRACE SEMI

    LBRACE  shift, and go to state 39


state 21

   95 cst_declaration: CST IDENTIFIER . LESS type_id GRT cst_value_opt SEMI

    LESS  shift, and go to state 40


state 22

   91 type_declaration: TYPE IDENTIFIER . LESS integer COMMA val_type GRT SEMI

    LESS  shift, and go to state 41


state 23

   85 memory_declaration: MEM IDENTIFIER . valid_address_declaration LESS type_id COMMA address_type GRT SEMI

    LBRACK  shift, and go to state 42

    $default  reduce using rule 87 (valid_address_declaration)

    valid_address_declaration  go to state 43


state 24

   84 register_declaration: REG IDENTIFIER . valid_address_declaration LESS type_id COMMA address_type GRT SEMI

    LBRACK  shift, and go to state 42

    $default  reduce using rule 87 (valid_address_declaration)

    valid_address_declaration  go to state 44


state 25

   81 start_declaration: START IDENTIFIER . SEMI

    SEMI  shift, and go to state 45


state 26

    0 $accept: nml_description $end .

    $default  accept


state 27

   15 and_op_rule: OP . IDENTIFIER LPAREN parameter_declaration_list RPAREN LBRACE syntax_attribute_list and_image_attribute_list RBRACE
   55 or_op_rule: OP . IDENTIFIER LPAREN op_rule_name_list RPAREN LBRACE or_image_attribute_list RBRACE

    IDENTIFIER  shift, and go to state 46


state 28

    8 and_mode_rule: MODE . IDENTIFIER LPAREN parameter_declaration_list RPAREN LBRACE syntax_attribute_list and_image_attribute_list RBRACE
    9 or_mode_rule: MODE . IDENTIFIER LPAREN mode_rule_name_list RPAREN LBRACE or_image_attribute_list RBRACE

    IDENTIFIER  shift, and go to state 47


state 29

    1 nml_description: declaration_list rule_list .
    3 rule_list: rule_list . rule

    OP    shift, and go to state 27
    MODE  shift, and go to state 28

    $default  reduce using rule 1 (nml_description)

    rule           go to state 48
    mode_rule      go to state 31
    and_mode_rule  go to state 32
    or_mode_rule   go to state 33
    op_rule        go to state 34
    and_op_rule    go to state 35
    or_op_rule     go to state 36


state 30

    2 rule_list: rule .

    $default  reduce using rule 2 (rule_list)


state 31

    5 rule: mode_rule .

    $default  reduce using rule 5 (rule)


state 32

    7 mode_rule: and_mode_rule .

    $default  reduce using rule 7 (mode_rule)


state 33

    6 mode_rule: or_mode_rule .

    $default  reduce using rule 6 (mode_rule)


state 34

    4 rule: op_rule .

    $default  reduce using rule 4 (rule)


state 35

   13 op_rule: and_op_rule .

    $default  reduce using rule 13 (op_rule)


state 36

   14 op_rule: or_op_rule .

    $default  reduce using rule 14 (op_rule)


state 37

   74 declaration_list: declaration_list declaration .

    $default  reduce using rule 74 (declaration_list)


state 38

  109 number_declaration: DEF IDENTIFIER ASSIGN . integer_expression SEMI

    IDENTIFIER  shift, and go to state 49
    MINUS       shift, and go to state 50
    LPAREN      shift, and go to state 51
    INT_CONST   shift, and go to state 52

    integer_expression  go to state 53
    number_name         go to state 54
    integer             go to state 55


state 39

  101 enum_declaration: ENUM IDENTIFIER LBRACE . enum_list RBRACE SEMI

    IDENTIFIER  shift, and go to state 56

    enum_list     go to state 57
    enum_element  go to state 58


state 40

   95 cst_declaration: CST IDENTIFIER LESS . type_id GRT cst_value_opt SEMI

    IDENTIFIER  shift, and go to state 59

    type_id  go to state 60


state 41

   91 type_declaration: TYPE IDENTIFIER LESS . integer COMMA val_type GRT SEMI

    INT_CONST  shift, and go to state 52

    integer  go to state 61


state 42

   88 valid_address_declaration: LBRACK . address_range address_step_opt RBRACK

    IDENTIFIER  shift, and go to state 49
    MINUS       shift, and go to state 50
    LPAREN      shift, and go to state 51
    INT_CONST   shift, and go to state 52

    address_range       go to state 62
    integer_expression  go to state 63
    number_name         go to state 54
    integer             go to state 55


state 43

   85 memory_declaration: MEM IDENTIFIER valid_address_declaration . LESS type_id COMMA address_type GRT SEMI

    LESS  shift, and go to state 64


state 44

   84 register_declaration: REG IDENTIFIER valid_address_declaration . LESS type_id COMMA address_type GRT SEMI

    LESS  shift, and go to state 65


state 45

   81 start_declaration: START IDENTIFIER SEMI .

    $default  reduce using rule 81 (start_declaration)


state 46

   15 and_op_rule: OP IDENTIFIER . LPAREN parameter_declaration_list RPAREN LBRACE syntax_attribute_list and_image_attribute_list RBRACE
   55 or_op_rule: OP IDENTIFIER . LPAREN op_rule_name_list RPAREN LBRACE or_image_attribute_list RBRACE

    LPAREN  shift, and go to state 66


state 47

    8 and_mode_rule: MODE IDENTIFIER . LPAREN parameter_declaration_list RPAREN LBRACE syntax_attribute_list and_image_attribute_list RBRACE
    9 or_mode_rule: MODE IDENTIFIER . LPAREN mode_rule_name_list RPAREN LBRACE or_image_attribute_list RBRACE

    LPAREN  shift, and go to state 67


state 48

    3 rule_list: rule_list rule .

    $default  reduce using rule 3 (rule_list)


state 49

  119 number_name: IDENTIFIER .

    $default  reduce using rule 119 (number_name)


state 50

  114 integer_expression: MINUS . integer_expression

    IDENTIFIER  shift, and go to state 49
    MINUS       shift, and go to state 50
    LPAREN      shift, and go to state 51
    INT_CONST   shift, and go to state 52

    integer_expression  go to state 68
    number_name         go to state 54
    integer             go to state 55


state 51

  116 integer_expression: LPAREN . integer_expression RPAREN

    IDENTIFIER  shift, and go to state 49
    MINUS       shift, and go to state 50
    LPAREN      shift, and go to state 51
    INT_CONST   shift, and go to state 52

    integer_expression  go to state 69
    number_name         go to state 54
    integer             go to state 55


state 52

  120 integer: INT_CONST .

    $default  reduce using rule 120 (integer)


state 53

  109 number_declaration: DEF IDENTIFIER ASSIGN integer_expression . SEMI
  110 integer_expression: integer_expression . PLUS integer_expression
  111                   | integer_expression . MINUS integer_expression
  112                   | integer_expression . MUL integer_expression
  113                   | integer_expression . DIV integer_expression
  115                   | integer_expression . POW integer_expression

    SEMI   shift, and go to state 70
    PLUS   shift, and go to state 71
    MINUS  shift, and go to state 72
    DIV    shift, and go to state 73
    POW    shift, and go to state 74
    MUL    shift, and go to state 75


state 54

  118 integer_expression: number_name .

    $default  reduce using rule 118 (integer_expression)


state 55

  117 integer_expression: integer .

    $default  reduce using rule 117 (integer_expression)


state 56

  104 enum_element: IDENTIFIER . mnemonic_opt init_opt

    STRING_CONST  shift, and go to state 76

    $default  reduce using rule 105 (mnemonic_opt)

    mnemonic_opt  go to state 77


state 57

  101 enum_declaration: ENUM IDENTIFIER LBRACE enum_list . RBRACE SEMI
  103 enum_list: enum_list . COMMA enum_element

    RBRACE  shift, and go to state 78
    COMMA   shift, and go to state 79


state 58

  102 enum_list: enum_element .

    $default  reduce using rule 102 (enum_list)


state 59

  100 type_id: IDENTIFIER .

    $default  reduce using rule 100 (type_id)


state 60

   95 cst_declaration: CST IDENTIFIER LESS type_id . GRT cst_value_opt SEMI

    GRT  shift, and go to state 80


state 61

   91 type_declaration: TYPE IDENTIFIER LESS integer . COMMA val_type GRT SEMI

    COMMA  shift, and go to state 81


state 62

   88 valid_address_declaration: LBRACK address_range . address_step_opt RBRACK

    COMMA  shift, and go to state 82

    $default  reduce using rule 89 (address_step_opt)

    address_step_opt  go to state 83


state 63

   92 address_range: integer_expression .
   93              | integer_expression . DOUBLEDOT integer_expression
  110 integer_expression: integer_expression . PLUS integer_expression
  111                   | integer_expression . MINUS integer_expression
  112                   | integer_expression . MUL integer_expression
  113                   | integer_expression . DIV integer_expression
  115                   | integer_expression . POW integer_expression

    PLUS       shift, and go to state 71
    MINUS      shift, and go to state 72
    DIV        shift, and go to state 73
    POW        shift, and go to state 74
    DOUBLEDOT  shift, and go to state 84
    MUL        shift, and go to state 75

    $default  reduce using rule 92 (address_range)


state 64

   85 memory_declaration: MEM IDENTIFIER valid_address_declaration LESS . type_id COMMA address_type GRT SEMI

    IDENTIFIER  shift, and go to state 59

    type_id  go to state 85


state 65

   84 register_declaration: REG IDENTIFIER valid_address_declaration LESS . type_id COMMA address_type GRT SEMI

    IDENTIFIER  shift, and go to state 59

    type_id  go to state 86


state 66

   15 and_op_rule: OP IDENTIFIER LPAREN . parameter_declaration_list RPAREN LBRACE syntax_attribute_list and_image_attribute_list RBRACE
   55 or_op_rule: OP IDENTIFIER LPAREN . op_rule_name_list RPAREN LBRACE or_image_attribute_list RBRACE

    IDENTIFIER  shift, and go to state 87

    $default  reduce using rule 49 (parameter_declaration_list)

    parameter_declaration_list  go to state 88
    parameter_declaration       go to state 89
    op_rule_name                go to state 90
    op_rule_name_list           go to state 91


state 67

    8 and_mode_rule: MODE IDENTIFIER LPAREN . parameter_declaration_list RPAREN LBRACE syntax_attribute_list and_image_attribute_list RBRACE
    9 or_mode_rule: MODE IDENTIFIER LPAREN . mode_rule_name_list RPAREN LBRACE or_image_attribute_list RBRACE

    IDENTIFIER  shift, and go to state 92

    $default  reduce using rule 49 (parameter_declaration_list)

    mode_rule_name_list         go to state 93
    mode_rule_name              go to state 94
    parameter_declaration_list  go to state 95
    parameter_declaration       go to state 89


state 68

  110 integer_expression: integer_expression . PLUS integer_expression
  111                   | integer_expression . MINUS integer_expression
  112                   | integer_expression . MUL integer_expression
  113                   | integer_expression . DIV integer_expression
  114                   | MINUS integer_expression .
  115                   | integer_expression . POW integer_expression

    POW  shift, and go to state 74

    $default  reduce using rule 114 (integer_expression)


state 69

  110 integer_expression: integer_expression . PLUS integer_expression
  111                   | integer_expression . MINUS integer_expression
  112                   | integer_expression . MUL integer_expression
  113                   | integer_expression . DIV integer_expression
  115                   | integer_expression . POW integer_expression
  116                   | LPAREN integer_expression . RPAREN

    PLUS    shift, and go to state 71
    MINUS   shift, and go to state 72
    DIV     shift, and go to state 73
    POW     shift, and go to state 74
    RPAREN  shift, and go to state 96
    MUL     shift, and go to state 75


state 70

  109 number_declaration: DEF IDENTIFIER ASSIGN integer_expression SEMI .

    $default  reduce using rule 109 (number_declaration)


state 71

  110 integer_expression: integer_expression PLUS . integer_expression

    IDENTIFIER  shift, and go to state 49
    MINUS       shift, and go to state 50
    LPAREN      shift, and go to state 51
    INT_CONST   shift, and go to state 52

    integer_expression  go to state 97
    number_name         go to state 54
    integer             go to state 55


state 72

  111 integer_expression: integer_expression MINUS . integer_expression

    IDENTIFIER  shift, and go to state 49
    MINUS       shift, and go to state 50
    LPAREN      shift, and go to state 51
    INT_CONST   shift, and go to state 52

    integer_expression  go to state 98
    number_name         go to state 54
    integer             go to state 55


state 73

  113 integer_expression: integer_expression DIV . integer_expression

    IDENTIFIER  shift, and go to state 49
    MINUS       shift, and go to state 50
    LPAREN      shift, and go to state 51
    INT_CONST   shift, and go to state 52

    integer_expression  go to state 99
    number_name         go to state 54
    integer             go to state 55


state 74

  115 integer_expression: integer_expression POW . integer_expression

    IDENTIFIER  shift, and go to state 49
    MINUS       shift, and go to state 50
    LPAREN      shift, and go to state 51
    INT_CONST   shift, and go to state 52

    integer_expression  go to state 100
    number_name         go to state 54
    integer             go to state 55


state 75

  112 integer_expression: integer_expression MUL . integer_expression

    IDENTIFIER  shift, and go to state 49
    MINUS       shift, and go to state 50
    LPAREN      shift, and go to state 51
    INT_CONST   shift, and go to state 52

    integer_expression  go to state 101
    number_name         go to state 54
    integer             go to state 55


state 76

  106 mnemonic_opt: STRING_CONST .

    $default  reduce using rule 106 (mnemonic_opt)


state 77

  104 enum_element: IDENTIFIER mnemonic_opt . init_opt

    ASSIGN  shift, and go to state 102

    $default  reduce using rule 107 (init_opt)

    init_opt  go to state 103


state 78

  101 enum_declaration: ENUM IDENTIFIER LBRACE enum_list RBRACE . SEMI

    SEMI  shift, and go to state 104


state 79

  103 enum_list: enum_list COMMA . enum_element

    IDENTIFIER  shift, and go to state 56

    enum_element  go to state 105


state 80

   95 cst_declaration: CST IDENTIFIER LESS type_id GRT . cst_value_opt SEMI

    ASSIGN  shift, and go to state 106

    $default  reduce using rule 96 (cst_value_opt)

    cst_value_opt  go to state 107


state 81

   91 type_declaration: TYPE IDENTIFIER LESS integer COMMA . val_type GRT SEMI

    VAL_TYPE  shift, and go to state 108

    val_type  go to state 109


state 82

   90 address_step_opt: COMMA . integer_expression

    IDENTIFIER  shift, and go to state 49
    MINUS       shift, and go to state 50
    LPAREN      shift, and go to state 51
    INT_CONST   shift, and go to state 52

    integer_expression  go to state 110
    number_name         go to state 54
    integer             go to state 55


state 83

   88 valid_address_declaration: LBRACK address_range address_step_opt . RBRACK

    RBRACK  shift, and go to state 111


state 84

   93 address_range: integer_expression DOUBLEDOT . integer_expression

    IDENTIFIER  shift, and go to state 49
    MINUS       shift, and go to state 50
    LPAREN      shift, and go to state 51
    INT_CONST   shift, and go to state 52

    integer_expression  go to state 112
    number_name         go to state 54
    integer             go to state 55


state 85

   85 memory_declaration: MEM IDENTIFIER valid_address_declaration LESS type_id . COMMA address_type GRT SEMI

    COMMA  shift, and go to state 113


state 86

   84 register_declaration: REG IDENTIFIER valid_address_declaration LESS type_id . COMMA address_type GRT SEMI

    COMMA  shift, and go to state 114


state 87

   52 parameter_declaration: IDENTIFIER . COLON r_name
   70 op_rule_name: IDENTIFIER .

    COLON  shift, and go to state 115

    $default  reduce using rule 70 (op_rule_name)


state 88

   15 and_op_rule: OP IDENTIFIER LPAREN parameter_declaration_list . RPAREN LBRACE syntax_attribute_list and_image_attribute_list RBRACE
   51 parameter_declaration_list: parameter_declaration_list . COMMA parameter_declaration

    RPAREN  shift, and go to state 116
    COMMA   shift, and go to state 117


state 89

   50 parameter_declaration_list: parameter_declaration .

    $default  reduce using rule 50 (parameter_declaration_list)


state 90

   71 op_rule_name_list: op_rule_name .

    $default  reduce using rule 71 (op_rule_name_list)


state 91

   55 or_op_rule: OP IDENTIFIER LPAREN op_rule_name_list . RPAREN LBRACE or_image_attribute_list RBRACE
   72 op_rule_name_list: op_rule_name_list . BITOR op_rule_name

    RPAREN  shift, and go to state 118
    BITOR   shift, and go to state 119


state 92

   12 mode_rule_name: IDENTIFIER .
   52 parameter_declaration: IDENTIFIER . COLON r_name

    COLON  shift, and go to state 115

    $default  reduce using rule 12 (mode_rule_name)


state 93

    9 or_mode_rule: MODE IDENTIFIER LPAREN mode_rule_name_list . RPAREN LBRACE or_image_attribute_list RBRACE
   11 mode_rule_name_list: mode_rule_name_list . mode_rule_name

    IDENTIFIER  shift, and go to state 120
    RPAREN      shift, and go to state 121

    mode_rule_name  go to state 122


state 94

   10 mode_rule_name_list: mode_rule_name .

    $default  reduce using rule 10 (mode_rule_name_list)


state 95

    8 and_mode_rule: MODE IDENTIFIER LPAREN parameter_declaration_list . RPAREN LBRACE syntax_attribute_list and_image_attribute_list RBRACE
   51 parameter_declaration_list: parameter_declaration_list . COMMA parameter_declaration

    RPAREN  shift, and go to state 123
    COMMA   shift, and go to state 117


state 96

  116 integer_expression: LPAREN integer_expression RPAREN .

    $default  reduce using rule 116 (integer_expression)


state 97

  110 integer_expression: integer_expression . PLUS integer_expression
  110                   | integer_expression PLUS integer_expression .
  111                   | integer_expression . MINUS integer_expression
  112                   | integer_expression . MUL integer_expression
  113                   | integer_expression . DIV integer_expression
  115                   | integer_expression . POW integer_expression

    DIV  shift, and go to state 73
    POW  shift, and go to state 74
    MUL  shift, and go to state 75

    $default  reduce using rule 110 (integer_expression)


state 98

  110 integer_expression: integer_expression . PLUS integer_expression
  111                   | integer_expression . MINUS integer_expression
  111                   | integer_expression MINUS integer_expression .
  112                   | integer_expression . MUL integer_expression
  113                   | integer_expression . DIV integer_expression
  115                   | integer_expression . POW integer_expression

    DIV  shift, and go to state 73
    POW  shift, and go to state 74
    MUL  shift, and go to state 75

    $default  reduce using rule 111 (integer_expression)


state 99

  110 integer_expression: integer_expression . PLUS integer_expression
  111                   | integer_expression . MINUS integer_expression
  112                   | integer_expression . MUL integer_expression
  113                   | integer_expression . DIV integer_expression
  113                   | integer_expression DIV integer_expression .
  115                   | integer_expression . POW integer_expression

    POW  shift, and go to state 74

    $default  reduce using rule 113 (integer_expression)


state 100

  110 integer_expression: integer_expression . PLUS integer_expression
  111                   | integer_expression . MINUS integer_expression
  112                   | integer_expression . MUL integer_expression
  113                   | integer_expression . DIV integer_expression
  115                   | integer_expression . POW integer_expression
  115                   | integer_expression POW integer_expression .

    POW  shift, and go to state 74

    $default  reduce using rule 115 (integer_expression)


state 101

  110 integer_expression: integer_expression . PLUS integer_expression
  111                   | integer_expression . MINUS integer_expression
  112                   | integer_expression . MUL integer_expression
  112                   | integer_expression MUL integer_expression .
  113                   | integer_expression . DIV integer_expression
  115                   | integer_expression . POW integer_expression

    POW  shift, and go to state 74

    $default  reduce using rule 112 (integer_expression)


state 102

  108 init_opt: ASSIGN . integer_expression

    IDENTIFIER  shift, and go to state 49
    MINUS       shift, and go to state 50
    LPAREN      shift, and go to state 51
    INT_CONST   shift, and go to state 52

    integer_expression  go to state 124
    number_name         go to state 54
    integer             go to state 55


state 103

  104 enum_element: IDENTIFIER mnemonic_opt init_opt .

    $default  reduce using rule 104 (enum_element)


state 104

  101 enum_declaration: ENUM IDENTIFIER LBRACE enum_list RBRACE SEMI .

    $default  reduce using rule 101 (enum_declaration)


state 105

  103 enum_list: enum_list COMMA enum_element .

    $default  reduce using rule 103 (enum_list)


state 106

   97 cst_value_opt: ASSIGN . INT_CONST
   98              | ASSIGN . BIN_CONST
   99              | ASSIGN . HEX_CONST

    INT_CONST  shift, and go to state 125
    BIN_CONST  shift, and go to state 126
    HEX_CONST  shift, and go to state 127


state 107

   95 cst_declaration: CST IDENTIFIER LESS type_id GRT cst_value_opt . SEMI

    SEMI  shift, and go to state 128


state 108

   94 val_type: VAL_TYPE .

    $default  reduce using rule 94 (val_type)


state 109

   91 type_declaration: TYPE IDENTIFIER LESS integer COMMA val_type . GRT SEMI

    GRT  shift, and go to state 129


state 110

   90 address_step_opt: COMMA integer_expression .
  110 integer_expression: integer_expression . PLUS integer_expression
  111                   | integer_expression . MINUS integer_expression
  112                   | integer_expression . MUL integer_expression
  113                   | integer_expression . DIV integer_expression
  115                   | integer_expression . POW integer_expression

    PLUS   shift, and go to state 71
    MINUS  shift, and go to state 72
    DIV    shift, and go to state 73
    POW    shift, and go to state 74
    MUL    shift, and go to state 75

    $default  reduce using rule 90 (address_step_opt)


state 111

   88 valid_address_declaration: LBRACK address_range address_step_opt RBRACK .

    $default  reduce using rule 88 (valid_address_declaration)


state 112

   93 address_range: integer_expression DOUBLEDOT integer_expression .
  110 integer_expression: integer_expression . PLUS integer_expression
  111                   | integer_expression . MINUS integer_expression
  112                   | integer_expression . MUL integer_expression
  113                   | integer_expression . DIV integer_expression
  115                   | integer_expression . POW integer_expression

    PLUS   shift, and go to state 71
    MINUS  shift, and go to state 72
    DIV    shift, and go to state 73
    POW    shift, and go to state 74
    MUL    shift, and go to state 75

    $default  reduce using rule 93 (address_range)


state 113

   85 memory_declaration: MEM IDENTIFIER valid_address_declaration LESS type_id COMMA . address_type GRT SEMI

    IDENTIFIER  shift, and go to state 59

    address_type  go to state 130
    type_id       go to state 131


state 114

   84 register_declaration: REG IDENTIFIER valid_address_declaration LESS type_id COMMA . address_type GRT SEMI

    IDENTIFIER  shift, and go to state 59

    address_type  go to state 132
    type_id       go to state 131


state 115

   52 parameter_declaration: IDENTIFIER COLON . r_name

    IDENTIFIER  shift, and go to state 133
    ENUM_NAME   shift, and go to state 134

    r_name  go to state 135


state 116

   15 and_op_rule: OP IDENTIFIER LPAREN parameter_declaration_list RPAREN . LBRACE syntax_attribute_list and_image_attribute_list RBRACE

    LBRACE  shift, and go to state 136


state 117

   51 parameter_declaration_list: parameter_declaration_list COMMA . parameter_declaration

    IDENTIFIER  shift, and go to state 137

    parameter_declaration  go to state 138


state 118

   55 or_op_rule: OP IDENTIFIER LPAREN op_rule_name_list RPAREN . LBRACE or_image_attribute_list RBRACE

    LBRACE  shift, and go to state 139


state 119

   72 op_rule_name_list: op_rule_name_list BITOR . op_rule_name

    IDENTIFIER  shift, and go to state 140

    op_rule_name  go to state 141


state 120

   12 mode_rule_name: IDENTIFIER .

    $default  reduce using rule 12 (mode_rule_name)


state 121

    9 or_mode_rule: MODE IDENTIFIER LPAREN mode_rule_name_list RPAREN . LBRACE or_image_attribute_list RBRACE

    LBRACE  shift, and go to state 142


state 122

   11 mode_rule_name_list: mode_rule_name_list mode_rule_name .

    $default  reduce using rule 11 (mode_rule_name_list)


state 123

    8 and_mode_rule: MODE IDENTIFIER LPAREN parameter_declaration_list RPAREN . LBRACE syntax_attribute_list and_image_attribute_list RBRACE

    LBRACE  shift, and go to state 143


state 124

  108 init_opt: ASSIGN integer_expression .
  110 integer_expression: integer_expression . PLUS integer_expression
  111                   | integer_expression . MINUS integer_expression
  112                   | integer_expression . MUL integer_expression
  113                   | integer_expression . DIV integer_expression
  115                   | integer_expression . POW integer_expression

    PLUS   shift, and go to state 71
    MINUS  shift, and go to state 72
    DIV    shift, and go to state 73
    POW    shift, and go to state 74
    MUL    shift, and go to state 75

    $default  reduce using rule 108 (init_opt)


state 125

   97 cst_value_opt: ASSIGN INT_CONST .

    $default  reduce using rule 97 (cst_value_opt)


state 126

   98 cst_value_opt: ASSIGN BIN_CONST .

    $default  reduce using rule 98 (cst_value_opt)


state 127

   99 cst_value_opt: ASSIGN HEX_CONST .

    $default  reduce using rule 99 (cst_value_opt)


state 128

   95 cst_declaration: CST IDENTIFIER LESS type_id GRT cst_value_opt SEMI .

    $default  reduce using rule 95 (cst_declaration)


state 129

   91 type_declaration: TYPE IDENTIFIER LESS integer COMMA val_type GRT . SEMI

    SEMI  shift, and go to state 144


state 130

   85 memory_declaration: MEM IDENTIFIER valid_address_declaration LESS type_id COMMA address_type . GRT SEMI

    GRT  shift, and go to state 145


state 131

   86 address_type: type_id .

    $default  reduce using rule 86 (address_type)


state 132

   84 register_declaration: REG IDENTIFIER valid_address_declaration LESS type_id COMMA address_type . GRT SEMI

    GRT  shift, and go to state 146


state 133

   53 r_name: IDENTIFIER .

    $default  reduce using rule 53 (r_name)


state 134

   54 r_name: ENUM_NAME .

    $default  reduce using rule 54 (r_name)


state 135

   52 parameter_declaration: IDENTIFIER COLON r_name .

    $default  reduce using rule 52 (parameter_declaration)


state 136

   15 and_op_rule: OP IDENTIFIER LPAREN parameter_declaration_list RPAREN LBRACE . syntax_attribute_list and_image_attribute_list RBRACE

    $default  reduce using rule 38 (syntax_attribute_list)

    syntax_attribute_list  go to state 147


state 137

   52 parameter_declaration: IDENTIFIER . COLON r_name

    COLON  shift, and go to state 115


state 138

   51 parameter_declaration_list: parameter_declaration_list COMMA parameter_declaration .

    $default  reduce using rule 51 (parameter_declaration_list)


state 139

   55 or_op_rule: OP IDENTIFIER LPAREN op_rule_name_list RPAREN LBRACE . or_image_attribute_list RBRACE

    IMAGE  shift, and go to state 148

    or_image_attribute_list  go to state 149
    or_image_attribute       go to state 150


state 140

   70 op_rule_name: IDENTIFIER .

    $default  reduce using rule 70 (op_rule_name)


state 141

   72 op_rule_name_list: op_rule_name_list BITOR op_rule_name .

    $default  reduce using rule 72 (op_rule_name_list)


state 142

    9 or_mode_rule: MODE IDENTIFIER LPAREN mode_rule_name_list RPAREN LBRACE . or_image_attribute_list RBRACE

    IMAGE  shift, and go to state 148

    or_image_attribute_list  go to state 151
    or_image_attribute       go to state 150


state 143

    8 and_mode_rule: MODE IDENTIFIER LPAREN parameter_declaration_list RPAREN LBRACE . syntax_attribute_list and_image_attribute_list RBRACE

    $default  reduce using rule 38 (syntax_attribute_list)

    syntax_attribute_list  go to state 152


state 144

   91 type_declaration: TYPE IDENTIFIER LESS integer COMMA val_type GRT SEMI .

    $default  reduce using rule 91 (type_declaration)


state 145

   85 memory_declaration: MEM IDENTIFIER valid_address_declaration LESS type_id COMMA address_type GRT . SEMI

    SEMI  shift, and go to state 153


state 146

   84 register_declaration: REG IDENTIFIER valid_address_declaration LESS type_id COMMA address_type GRT . SEMI

    SEMI  shift, and go to state 154


state 147

   15 and_op_rule: OP IDENTIFIER LPAREN parameter_declaration_list RPAREN LBRACE syntax_attribute_list . and_image_attribute_list RBRACE
   39 syntax_attribute_list: syntax_attribute_list . syntax_attribute

    SYNTAX  shift, and go to state 155

    $default  reduce using rule 16 (and_image_attribute_list)

    and_image_attribute_list  go to state 156
    syntax_attribute          go to state 157


state 148

   57 or_image_attribute: IMAGE . COLON or_encoding_list SEMI

    COLON  shift, and go to state 158


state 149

   55 or_op_rule: OP IDENTIFIER LPAREN op_rule_name_list RPAREN LBRACE or_image_attribute_list . RBRACE

    RBRACE  shift, and go to state 159


state 150

   56 or_image_attribute_list: or_image_attribute .

    $default  reduce using rule 56 (or_image_attribute_list)


state 151

    9 or_mode_rule: MODE IDENTIFIER LPAREN mode_rule_name_list RPAREN LBRACE or_image_attribute_list . RBRACE

    RBRACE  shift, and go to state 160


state 152

    8 and_mode_rule: MODE IDENTIFIER LPAREN parameter_declaration_list RPAREN LBRACE syntax_attribute_list . and_image_attribute_list RBRACE
   39 syntax_attribute_list: syntax_attribute_list . syntax_attribute

    SYNTAX  shift, and go to state 155

    $default  reduce using rule 16 (and_image_attribute_list)

    and_image_attribute_list  go to state 161
    syntax_attribute          go to state 157


state 153

   85 memory_declaration: MEM IDENTIFIER valid_address_declaration LESS type_id COMMA address_type GRT SEMI .

    $default  reduce using rule 85 (memory_declaration)


state 154

   84 register_declaration: REG IDENTIFIER valid_address_declaration LESS type_id COMMA address_type GRT SEMI .

    $default  reduce using rule 84 (register_declaration)


state 155

   40 syntax_attribute: SYNTAX . COLON syntax_encoding_list SEMI

    COLON  shift, and go to state 162


state 156

   15 and_op_rule: OP IDENTIFIER LPAREN parameter_declaration_list RPAREN LBRACE syntax_attribute_list and_image_attribute_list . RBRACE
   17 and_image_attribute_list: and_image_attribute_list . and_image_attribute

    RBRACE  shift, and go to state 163
    IMAGE   shift, and go to state 164

    and_image_attribute  go to state 165


state 157

   39 syntax_attribute_list: syntax_attribute_list syntax_attribute .

    $default  reduce using rule 39 (syntax_attribute_list)


state 158

   57 or_image_attribute: IMAGE COLON . or_encoding_list SEMI

    IDENTIFIER    shift, and go to state 166
    STRING_CONST  shift, and go to state 167
    ENUM_NAME     shift, and go to state 168

    rule_instant_name       go to state 169
    or_encoding_list        go to state 170
    or_field_encoding_list  go to state 171
    or_field_encoding       go to state 172
    bit_string_literal      go to state 173


state 159

   55 or_op_rule: OP IDENTIFIER LPAREN op_rule_name_list RPAREN LBRACE or_image_attribute_list RBRACE .

    $default  reduce using rule 55 (or_op_rule)


state 160

    9 or_mode_rule: MODE IDENTIFIER LPAREN mode_rule_name_list RPAREN LBRACE or_image_attribute_list RBRACE .

    $default  reduce using rule 9 (or_mode_rule)


state 161

    8 and_mode_rule: MODE IDENTIFIER LPAREN parameter_declaration_list RPAREN LBRACE syntax_attribute_list and_image_attribute_list . RBRACE
   17 and_image_attribute_list: and_image_attribute_list . and_image_attribute

    RBRACE  shift, and go to state 174
    IMAGE   shift, and go to state 164

    and_image_attribute  go to state 165


state 162

   40 syntax_attribute: SYNTAX COLON . syntax_encoding_list SEMI

    IDENTIFIER    shift, and go to state 166
    STRING_CONST  shift, and go to state 175

    rule_instant_name        go to state 176
    syntax_encoding_list     go to state 177
    syntax_encoding          go to state 178
    syntax_encoding_element  go to state 179


state 163

   15 and_op_rule: OP IDENTIFIER LPAREN parameter_declaration_list RPAREN LBRACE syntax_attribute_list and_image_attribute_list RBRACE .

    $default  reduce using rule 15 (and_op_rule)


state 164

   18 and_image_attribute: IMAGE . COLON and_field_encoding_list instr_properties_opt SEMI

    COLON  shift, and go to state 180


state 165

   17 and_image_attribute_list: and_image_attribute_list and_image_attribute .

    $default  reduce using rule 17 (and_image_attribute_list)


state 166

   37 rule_instant_name: IDENTIFIER .

    $default  reduce using rule 37 (rule_instant_name)


state 167

   69 bit_string_literal: STRING_CONST .

    $default  reduce using rule 69 (bit_string_literal)


state 168

   64 or_field_encoding: ENUM_NAME . POINT enum_element_name

    POINT  shift, and go to state 181


state 169

   65 or_field_encoding: rule_instant_name . image_nr_opt

    POINT  shift, and go to state 182

    $default  reduce using rule 66 (image_nr_opt)

    image_nr_opt  go to state 183
    image_nr      go to state 184


state 170

   57 or_image_attribute: IMAGE COLON or_encoding_list . SEMI
   59 or_encoding_list: or_encoding_list . BITOR or_field_encoding_list

    SEMI   shift, and go to state 185
    BITOR  shift, and go to state 186


state 171

   58 or_encoding_list: or_field_encoding_list .
   61 or_field_encoding_list: or_field_encoding_list . DCOLON or_field_encoding

    DCOLON  shift, and go to state 187

    $default  reduce using rule 58 (or_encoding_list)


state 172

   60 or_field_encoding_list: or_field_encoding .

    $default  reduce using rule 60 (or_field_encoding_list)


state 173

   63 or_field_encoding: bit_string_literal .

    $default  reduce using rule 63 (or_field_encoding)


state 174

    8 and_mode_rule: MODE IDENTIFIER LPAREN parameter_declaration_list RPAREN LBRACE syntax_attribute_list and_image_attribute_list RBRACE .

    $default  reduce using rule 8 (and_mode_rule)


state 175

   44 syntax_encoding_element: STRING_CONST .

    $default  reduce using rule 44 (syntax_encoding_element)


state 176

   45 syntax_encoding_element: rule_instant_name . syntax_nr_opt

    POINT  shift, and go to state 188

    $default  reduce using rule 46 (syntax_nr_opt)

    syntax_nr_opt  go to state 189
    syntax_nr      go to state 190


state 177

   40 syntax_attribute: SYNTAX COLON syntax_encoding_list . SEMI

    SEMI  shift, and go to state 191


state 178

   41 syntax_encoding_list: syntax_encoding .
   43 syntax_encoding: syntax_encoding . syntax_encoding_element

    IDENTIFIER    shift, and go to state 166
    STRING_CONST  shift, and go to state 175

    $default  reduce using rule 41 (syntax_encoding_list)

    rule_instant_name        go to state 176
    syntax_encoding_element  go to state 192


state 179

   42 syntax_encoding: syntax_encoding_element .

    $default  reduce using rule 42 (syntax_encoding)


state 180

   18 and_image_attribute: IMAGE COLON . and_field_encoding_list instr_properties_opt SEMI

    IDENTIFIER    shift, and go to state 166
    STRING_CONST  shift, and go to state 193
    ENUM_NAME     shift, and go to state 194

    and_field_encoding_list  go to state 195
    and_field_encoding       go to state 196
    rule_instant_name        go to state 197


state 181

   64 or_field_encoding: ENUM_NAME POINT . enum_element_name

    IDENTIFIER  shift, and go to state 198

    enum_element_name  go to state 199


state 182

   68 image_nr: POINT . integer

    INT_CONST  shift, and go to state 52

    integer  go to state 200


state 183

   65 or_field_encoding: rule_instant_name image_nr_opt .

    $default  reduce using rule 65 (or_field_encoding)


state 184

   67 image_nr_opt: image_nr .

    $default  reduce using rule 67 (image_nr_opt)


state 185

   57 or_image_attribute: IMAGE COLON or_encoding_list SEMI .

    $default  reduce using rule 57 (or_image_attribute)


state 186

   59 or_encoding_list: or_encoding_list BITOR . or_field_encoding_list

    IDENTIFIER    shift, and go to state 166
    STRING_CONST  shift, and go to state 167
    ENUM_NAME     shift, and go to state 168

    rule_instant_name       go to state 169
    or_field_encoding_list  go to state 201
    or_field_encoding       go to state 172
    bit_string_literal      go to state 173


state 187

   61 or_field_encoding_list: or_field_encoding_list DCOLON . or_field_encoding

    IDENTIFIER    shift, and go to state 166
    STRING_CONST  shift, and go to state 167
    ENUM_NAME     shift, and go to state 168

    rule_instant_name   go to state 169
    or_field_encoding   go to state 202
    bit_string_literal  go to state 173


state 188

   48 syntax_nr: POINT . integer

    INT_CONST  shift, and go to state 52

    integer  go to state 203


state 189

   45 syntax_encoding_element: rule_instant_name syntax_nr_opt .

    $default  reduce using rule 45 (syntax_encoding_element)


state 190

   47 syntax_nr_opt: syntax_nr .

    $default  reduce using rule 47 (syntax_nr_opt)


state 191

   40 syntax_attribute: SYNTAX COLON syntax_encoding_list SEMI .

    $default  reduce using rule 40 (syntax_attribute)


state 192

   43 syntax_encoding: syntax_encoding syntax_encoding_element .

    $default  reduce using rule 43 (syntax_encoding)


state 193

   34 and_field_encoding: STRING_CONST .

    $default  reduce using rule 34 (and_field_encoding)


state 194

   35 and_field_encoding: ENUM_NAME . POINT enum_element_name

    POINT  shift, and go to state 204


state 195

   18 and_image_attribute: IMAGE COLON and_field_encoding_list . instr_properties_opt SEMI
   30 and_field_encoding_list: and_field_encoding_list . DCOLON and_field_encoding enc_alias_opt

    COMMA   shift, and go to state 205
    DCOLON  shift, and go to state 206

    $default  reduce using rule 19 (instr_properties_opt)

    instr_properties_opt  go to state 207


state 196

   29 and_field_encoding_list: and_field_encoding . enc_alias_opt

    LESS  shift, and go to state 208

    $default  reduce using rule 31 (enc_alias_opt)

    enc_alias_opt  go to state 209
    enc_alias      go to state 210


state 197

   36 and_field_encoding: rule_instant_name . image_nr_opt

    POINT  shift, and go to state 182

    $default  reduce using rule 66 (image_nr_opt)

    image_nr_opt  go to state 211
    image_nr      go to state 184


state 198

   62 enum_element_name: IDENTIFIER .

    $default  reduce using rule 62 (enum_element_name)


state 199

   64 or_field_encoding: ENUM_NAME POINT enum_element_name .

    $default  reduce using rule 64 (or_field_encoding)


state 200

   68 image_nr: POINT integer .

    $default  reduce using rule 68 (image_nr)


state 201

   59 or_encoding_list: or_encoding_list BITOR or_field_encoding_list .
   61 or_field_encoding_list: or_field_encoding_list . DCOLON or_field_encoding

    DCOLON  shift, and go to state 187

    $default  reduce using rule 59 (or_encoding_list)


state 202

   61 or_field_encoding_list: or_field_encoding_list DCOLON or_field_encoding .

    $default  reduce using rule 61 (or_field_encoding_list)


state 203

   48 syntax_nr: POINT integer .

    $default  reduce using rule 48 (syntax_nr)


state 204

   35 and_field_encoding: ENUM_NAME POINT . enum_element_name

    IDENTIFIER  shift, and go to state 198

    enum_element_name  go to state 212


state 205

   20 instr_properties_opt: COMMA . instr_properties

    CYCLES           shift, and go to state 213
    CHESS_PC_OFFSET  shift, and go to state 214
    CLASS            shift, and go to state 215
    DELAY_SLOTS      shift, and go to state 216

    $default  reduce using rule 23 (instr_property)

    instr_properties  go to state 217
    instr_property    go to state 218


state 206

   30 and_field_encoding_list: and_field_encoding_list DCOLON . and_field_encoding enc_alias_opt

    IDENTIFIER    shift, and go to state 166
    STRING_CONST  shift, and go to state 193
    ENUM_NAME     shift, and go to state 194

    and_field_encoding  go to state 219
    rule_instant_name   go to state 197


state 207

   18 and_image_attribute: IMAGE COLON and_field_encoding_list instr_properties_opt . SEMI

    SEMI  shift, and go to state 220


state 208

   33 enc_alias: LESS . ALIAS GRT

    ALIAS  shift, and go to state 221


state 209

   29 and_field_encoding_list: and_field_encoding enc_alias_opt .

    $default  reduce using rule 29 (and_field_encoding_list)


state 210

   32 enc_alias_opt: enc_alias .

    $default  reduce using rule 32 (enc_alias_opt)


state 211

   36 and_field_encoding: rule_instant_name image_nr_opt .

    $default  reduce using rule 36 (and_field_encoding)


state 212

   35 and_field_encoding: ENUM_NAME POINT enum_element_name .

    $default  reduce using rule 35 (and_field_encoding)


state 213

   24 instr_property: CYCLES . LPAREN integer_expression RPAREN
   25               | CYCLES . LPAREN integer_expression BITOR integer_expression RPAREN

    LPAREN  shift, and go to state 222


state 214

   27 instr_property: CHESS_PC_OFFSET . LPAREN integer_expression RPAREN

    LPAREN  shift, and go to state 223


state 215

   28 instr_property: CLASS . LPAREN IDENTIFIER RPAREN

    LPAREN  shift, and go to state 224


state 216

   26 instr_property: DELAY_SLOTS . LPAREN integer_expression RPAREN

    LPAREN  shift, and go to state 225


state 217

   20 instr_properties_opt: COMMA instr_properties .
   22 instr_properties: instr_properties . COMMA instr_property

    COMMA  shift, and go to state 226

    $default  reduce using rule 20 (instr_properties_opt)


state 218

   21 instr_properties: instr_property .

    $default  reduce using rule 21 (instr_properties)


state 219

   30 and_field_encoding_list: and_field_encoding_list DCOLON and_field_encoding . enc_alias_opt

    LESS  shift, and go to state 208

    $default  reduce using rule 31 (enc_alias_opt)

    enc_alias_opt  go to state 227
    enc_alias      go to state 210


state 220

   18 and_image_attribute: IMAGE COLON and_field_encoding_list instr_properties_opt SEMI .

    $default  reduce using rule 18 (and_image_attribute)


state 221

   33 enc_alias: LESS ALIAS . GRT

    GRT  shift, and go to state 228


state 222

   24 instr_property: CYCLES LPAREN . integer_expression RPAREN
   25               | CYCLES LPAREN . integer_expression BITOR integer_expression RPAREN

    IDENTIFIER  shift, and go to state 49
    MINUS       shift, and go to state 50
    LPAREN      shift, and go to state 51
    INT_CONST   shift, and go to state 52

    integer_expression  go to state 229
    number_name         go to state 54
    integer             go to state 55


state 223

   27 instr_property: CHESS_PC_OFFSET LPAREN . integer_expression RPAREN

    IDENTIFIER  shift, and go to state 49
    MINUS       shift, and go to state 50
    LPAREN      shift, and go to state 51
    INT_CONST   shift, and go to state 52

    integer_expression  go to state 230
    number_name         go to state 54
    integer             go to state 55


state 224

   28 instr_property: CLASS LPAREN . IDENTIFIER RPAREN

    IDENTIFIER  shift, and go to state 231


state 225

   26 instr_property: DELAY_SLOTS LPAREN . integer_expression RPAREN

    IDENTIFIER  shift, and go to state 49
    MINUS       shift, and go to state 50
    LPAREN      shift, and go to state 51
    INT_CONST   shift, and go to state 52

    integer_expression  go to state 232
    number_name         go to state 54
    integer             go to state 55


state 226

   22 instr_properties: instr_properties COMMA . instr_property

    CYCLES           shift, and go to state 213
    CHESS_PC_OFFSET  shift, and go to state 214
    CLASS            shift, and go to state 215
    DELAY_SLOTS      shift, and go to state 216

    $default  reduce using rule 23 (instr_property)

    instr_property  go to state 233


state 227

   30 and_field_encoding_list: and_field_encoding_list DCOLON and_field_encoding enc_alias_opt .

    $default  reduce using rule 30 (and_field_encoding_list)


state 228

   33 enc_alias: LESS ALIAS GRT .

    $default  reduce using rule 33 (enc_alias)


state 229

   24 instr_property: CYCLES LPAREN integer_expression . RPAREN
   25               | CYCLES LPAREN integer_expression . BITOR integer_expression RPAREN
  110 integer_expression: integer_expression . PLUS integer_expression
  111                   | integer_expression . MINUS integer_expression
  112                   | integer_expression . MUL integer_expression
  113                   | integer_expression . DIV integer_expression
  115                   | integer_expression . POW integer_expression

    PLUS    shift, and go to state 71
    MINUS   shift, and go to state 72
    DIV     shift, and go to state 73
    POW     shift, and go to state 74
    RPAREN  shift, and go to state 234
    BITOR   shift, and go to state 235
    MUL     shift, and go to state 75


state 230

   27 instr_property: CHESS_PC_OFFSET LPAREN integer_expression . RPAREN
  110 integer_expression: integer_expression . PLUS integer_expression
  111                   | integer_expression . MINUS integer_expression
  112                   | integer_expression . MUL integer_expression
  113                   | integer_expression . DIV integer_expression
  115                   | integer_expression . POW integer_expression

    PLUS    shift, and go to state 71
    MINUS   shift, and go to state 72
    DIV     shift, and go to state 73
    POW     shift, and go to state 74
    RPAREN  shift, and go to state 236
    MUL     shift, and go to state 75


state 231

   28 instr_property: CLASS LPAREN IDENTIFIER . RPAREN

    RPAREN  shift, and go to state 237


state 232

   26 instr_property: DELAY_SLOTS LPAREN integer_expression . RPAREN
  110 integer_expression: integer_expression . PLUS integer_expression
  111                   | integer_expression . MINUS integer_expression
  112                   | integer_expression . MUL integer_expression
  113                   | integer_expression . DIV integer_expression
  115                   | integer_expression . POW integer_expression

    PLUS    shift, and go to state 71
    MINUS   shift, and go to state 72
    DIV     shift, and go to state 73
    POW     shift, and go to state 74
    RPAREN  shift, and go to state 238
    MUL     shift, and go to state 75


state 233

   22 instr_properties: instr_properties COMMA instr_property .

    $default  reduce using rule 22 (instr_properties)


state 234

   24 instr_property: CYCLES LPAREN integer_expression RPAREN .

    $default  reduce using rule 24 (instr_property)


state 235

   25 instr_property: CYCLES LPAREN integer_expression BITOR . integer_expression RPAREN

    IDENTIFIER  shift, and go to state 49
    MINUS       shift, and go to state 50
    LPAREN      shift, and go to state 51
    INT_CONST   shift, and go to state 52

    integer_expression  go to state 239
    number_name         go to state 54
    integer             go to state 55


state 236

   27 instr_property: CHESS_PC_OFFSET LPAREN integer_expression RPAREN .

    $default  reduce using rule 27 (instr_property)


state 237

   28 instr_property: CLASS LPAREN IDENTIFIER RPAREN .

    $default  reduce using rule 28 (instr_property)


state 238

   26 instr_property: DELAY_SLOTS LPAREN integer_expression RPAREN .

    $default  reduce using rule 26 (instr_property)


state 239

   25 instr_property: CYCLES LPAREN integer_expression BITOR integer_expression . RPAREN
  110 integer_expression: integer_expression . PLUS integer_expression
  111                   | integer_expression . MINUS integer_expression
  112                   | integer_expression . MUL integer_expression
  113                   | integer_expression . DIV integer_expression
  115                   | integer_expression . POW integer_expression

    PLUS    shift, and go to state 71
    MINUS   shift, and go to state 72
    DIV     shift, and go to state 73
    POW     shift, and go to state 74
    RPAREN  shift, and go to state 240
    MUL     shift, and go to state 75


state 240

   25 instr_property: CYCLES LPAREN integer_expression BITOR integer_expression RPAREN .

    $default  reduce using rule 25 (instr_property)
